Sat Feb 12 19:44:40 GMT 2011 dgrisby
====================================

- Fix a couple of things broken by transition to new-style classes.

modules/pyPOAFunc.cc
python/omniORB/__init__.py


Wed Feb  9 14:31:05 GMT 2011 dgrisby
====================================

- Start of AMI support: implied IDL generation.

omniidl_be/python.py
python/CosNaming
python/CosNaming/GNUmakefile.in
python/CosNaming/GNUmakefile
python/CosNaming/__init__.py
python/CosNaming/dir.mk
python/CosNaming__POA
python/CosNaming__POA/GNUmakefile.in
python/CosNaming__POA/GNUmakefile
python/CosNaming__POA/__init__.py
python/CosNaming__POA/dir.mk
python/omniORB/__init__.py
python/omniORB/dir.mk


Thu Jan  6 14:36:29 GMT 2011 dgrisby
====================================

- Use CORBA::TIMEOUT exception by default; new timeout handler; option
  to revert to CORBA::TRANSIENT.

modules/pyomniFunc.cc
python/omniORB/__init__.py


Tue Dec 28 23:31:41 GMT 2010 dgrisby
====================================

- Huge merge from 4_1 branch, up to revision 6012.

README.txt
ReleaseNotes.txt
aclocal.m4
bin/scripts/binrelease.sh
bugfixes-34.xml
configure
contrib/RPMs/omniORBpy.spec
modules/dir.mk
modules/omnipy.cc
modules/pyInterceptors.cc
modules/pyTypeCode.cc
python/omniORB/CORBA.py
python/omniORB/__init__.py


Wed Dec  1 17:11:58 GMT 2010 dgrisby
====================================

- Use new-style classes; report reason for BAD_PARAM exceptions;
  support attributes as properties; support simple dynamic
  invocations.

examples/tests/TypeTest.idl
examples/tests/tclient.py
examples/tests/tserver.py
modules/cxxAPI.cc
modules/omnipy.cc
modules/omnipy.h
modules/pyAbstractIntf.cc
modules/pyCallDescriptor.cc
modules/pyContext.cc
modules/pyExceptions.cc
modules/pyMarshal.cc
modules/pyObjectRef.cc
modules/pyServant.cc
modules/pyTypeCode.cc
modules/pyValueType.cc
omniidl_be/python.py
python/omniORB/CORBA.py
python/omniORB/PortableServer.py
python/omniORB/__init__.py
python/omniORB/tcInternal.py


Mon Mar  1 16:09:32 GMT 2010 dgrisby
====================================

- Merge changes from 4_1 branch, up to r5946.

modules/pyObjectRef.cc
omniidl_be/python.py
python/omniORB/__init__.py


Wed Oct  7 16:46:32 BST 2009 dgrisby
====================================

- Name update.

contrib/RPMs/omniORBpy_new.spec


Thu Sep 24 11:06:54 BST 2009 dgrisby
====================================

- Update spec files.

contrib/RPMs/omniORBpy.spec
contrib/RPMs/omniORBpy_new.spec


Thu Sep 24 11:04:21 BST 2009 dgrisby
====================================

- Fix some compiler warnings.

modules/pyFixed.cc
modules/pyFixed.cc


Fri Jul 24 00:15:32 BST 2009 dgrisby
====================================

- Start of the omniORBpy 4.2.x development branch.
