Thu Jan  6 14:36:29 GMT 2011 dgrisby
====================================

- Use CORBA::TIMEOUT exception by default; new timeout handler; option
  to revert to CORBA::TRANSIENT.

include/omniORB4/CORBA.h
include/omniORB4/internal/excepthandler.h
include/omniORB4/internal/orbParameters.h
include/omniORB4/minorCode.h
include/omniORB4/omniORB.h
include/omniORB4/omniObjRef.h
include/omniORB4/userexception.h
src/lib/omniORB/orbcore/exception.cc
src/lib/omniORB/orbcore/giopRope.cc
src/lib/omniORB/orbcore/minorCode.cc
src/lib/omniORB/orbcore/omniInternal.cc
src/lib/omniORB/orbcore/omniObjRef.cc
src/lib/omniORB/orbcore/poa.cc
src/lib/omniORB/orbcore/uri.cc


Tue Dec 28 23:31:41 GMT 2010 dgrisby
====================================

- Huge merge from 4_1 branch, up to revision 6012.

README.FIRST.txt
README.unix
README.win32.txt
ReleaseChecklist.txt
ReleaseNotes.txt
acinclude.m4
aclocal.m4
bin/x86_win32/clwrapper.exe
bin/x86_win32/libwrapper.exe
bin/x86_win32/linkwrapper.exe
bin/x86_win32/oidlwrapper.exe
bin/x86_win32/omkdepend.exe
bugfixes-414.xml
config/config.mk
configure.ac
configure
contrib/RPMs/omniORB.spec
include/omniORB4/CORBA_BOA.h
include/omniORB4/CORBA_Current.h
include/omniORB4/CORBA_ORB.h
include/omniORB4/CORBA_sysdep_auto.h
include/omniORB4/acconfig.h.in
include/omniORB4/internal/corbaBoa.h
include/omniORB4/internal/corbaOrb.h
include/omniORB4/internal/objectAdapter.h
include/omniORB4/local_config.h
include/omniORB4/minorCode.h
include/omniORB4/stringtypes.h
include/omniORB4/wstringtypes.h
mk/beforeauto.mk.in
mk/win32.mk
sample.cfg
src/lib/omniORB/dir.mk
src/lib/omniORB/omniidl_be/cxx/ast.py
src/lib/omniORB/omniidl_be/cxx/dynskel/typecode.py
src/lib/omniORB/omniidl_be/cxx/id.py
src/lib/omniORB/omniidl_be/cxx/iface.py
src/lib/omniORB/omniidl_be/cxx/impl/main.py
src/lib/omniORB/omniidl_be/cxx/types.py
src/lib/omniORB/omniidl_be/cxx/value.py
src/lib/omniORB/orbcore/GIOP_S.cc
src/lib/omniORB/orbcore/SocketCollection.cc
src/lib/omniORB/orbcore/corbaOrb.cc
src/lib/omniORB/orbcore/cs-UTF-8.cc
src/lib/omniORB/orbcore/dir.mk
src/lib/omniORB/orbcore/giopImpl10.cc
src/lib/omniORB/orbcore/giopImpl11.cc
src/lib/omniORB/orbcore/giopImpl12.cc
src/lib/omniORB/orbcore/giopStrand.cc
src/lib/omniORB/orbcore/minorCode.cc
src/lib/omniORB/orbcore/poa.cc
src/lib/omniORB/orbcore/tcp/tcpConnection.cc
src/lib/omniORB/orbcore/tcpSocket.cc
src/lib/omniORB/orbcore/unix/unixAddress.cc
src/lib/omniORB/orbcore/uri.cc
src/services/mklib/dir.mk
src/services/mklib/dynstublib
src/services/mklib/dynstublib/GNUmakefile.in
src/services/mklib/dynstublib/GNUmakefile
src/services/mklib/dynstublib/dir.mk
src/services/mklib/libdefs.mk
src/services/mklib/stublib
src/services/mklib/stublib/GNUmakefile.in
src/services/mklib/stublib/GNUmakefile
src/services/mklib/stublib/dir.mk
src/tool/omkdepend/def.h
src/tool/omkdepend/gnuwin32.c
src/tool/omniidl/cxx/dir.mk
src/tool/omniidl/cxx/idlpython.cc
src/tool/win32/clwrapper.c
src/tool/win32/dir.mk
src/tool/win32/libwrapper.c
src/tool/win32/linkwrapper.c
src/tool/win32/oidlwrapper.c
src/tool/win32/omake.c
src/tool/win32/pathmapping.h



Wed Nov  3 10:59:48 GMT 2010 dgrisby
====================================

- Resurrect serverCallTimeOut parameter.

src/lib/omniORB/orbcore/GIOP_S.cc

- Parameter documentation.

include/omniORB4/callDescriptor.h

- Combine locateRequest handling into normal call handling.

include/omniORB4/internal/localIdentity.h
include/omniORB4/internal/omniIdentity.h
src/lib/omniORB/orbcore/inProcessIdentity.cc
src/lib/omniORB/orbcore/localIdentity.cc
src/lib/omniORB/orbcore/omniObjRef.cc
src/lib/omniORB/orbcore/remoteIdentity.cc

- Cast away const to avoid compiler warning.

src/appl/omniNames/omniNames.cc

- Lock tracing for debugging.

include/omniORB4/omniORB.h
include/omniORB4/tracedthread.h
src/lib/omniORB/dynamic/any.cc
src/lib/omniORB/dynamic/context.cc
src/lib/omniORB/dynamic/deferredRequest.cc
src/lib/omniORB/dynamic/dynAny.cc
src/lib/omniORB/dynamic/orbMultiRequest.cc
src/lib/omniORB/dynamic/typecode.cc
src/lib/omniORB/dynamic/valueBase.cc
src/lib/omniORB/dynamic/valueFactory.cc
src/lib/omniORB/orbcore/SocketCollection.cc
src/lib/omniORB/orbcore/corbaBoa.cc
src/lib/omniORB/orbcore/corbaOrb.cc
src/lib/omniORB/orbcore/exception.cc
src/lib/omniORB/orbcore/giopBiDir.cc
src/lib/omniORB/orbcore/giopRope.cc
src/lib/omniORB/orbcore/giopServer.cc
src/lib/omniORB/orbcore/giopStrand.cc
src/lib/omniORB/orbcore/giopStream.cc
src/lib/omniORB/orbcore/initRefs.cc
src/lib/omniORB/orbcore/invoker.cc
src/lib/omniORB/orbcore/libcWrapper.cc
src/lib/omniORB/orbcore/objectAdapter.cc
src/lib/omniORB/orbcore/omniIOR.cc
src/lib/omniORB/orbcore/omniIdentity.cc
src/lib/omniORB/orbcore/omniInternal.cc
src/lib/omniORB/orbcore/omniTransport.cc
src/lib/omniORB/orbcore/poa.cc
src/lib/omniORB/orbcore/poamanager.cc
src/lib/omniORB/orbcore/portableserver.cc
src/lib/omniORB/orbcore/proxyFactory.cc
src/lib/omniORB/orbcore/ssl/sslActive.cc
src/lib/omniORB/orbcore/tcp/tcpActive.cc
src/lib/omniORB/orbcore/tracedthread.cc
src/lib/omniORB/orbcore/unix/unixActive.cc


Thu Sep 23 15:10:27 BST 2010 dgrisby
====================================

- Call wrapper interceptor.

include/omniORB4/callDescriptor.h
include/omniORB4/omniInterceptors.h
src/lib/omniORB/orbcore/callDescriptor.cc
src/lib/omniORB/orbcore/interceptors.cc


Thu Sep 23 13:57:37 BST 2010 dgrisby
====================================

- Continued connection management refactor; no longer perform SSL
  accept in rendezvouser thread.

include/omniORB4/internal/giopStream.h
src/lib/omniORB/orbcore/callHandle.cc
src/lib/omniORB/orbcore/giopStrand.cc
src/lib/omniORB/orbcore/giopStream.cc
src/lib/omniORB/orbcore/omniObjRef.cc
src/lib/omniORB/orbcore/ssl/sslActive.cc
src/lib/omniORB/orbcore/ssl/sslAddress.cc
src/lib/omniORB/orbcore/ssl/sslConnection.cc
src/lib/omniORB/orbcore/ssl/sslConnection.h
src/lib/omniORB/orbcore/ssl/sslEndpoint.cc
src/lib/omniORB/orbcore/tcp/tcpEndpoint.cc


Tue Aug 10 18:16:25 BST 2010 dgrisby
====================================

- TCP connection management refactor.

configure.ac
configure
include/omniORB4/acconfig.h.in
include/omniORB4/giopEndpoint.h
include/omniORB4/internal/libcWrapper.h
include/omniORB4/internal/tcpSocket.h
include/omniORB4/omniURI.h
src/lib/omniORB/orbcore/cdrValueChunkStream.cc
src/lib/omniORB/orbcore/dir.mk
src/lib/omniORB/orbcore/giopEndpoint.cc
src/lib/omniORB/orbcore/giopRope.cc
src/lib/omniORB/orbcore/giopWorker.cc
src/lib/omniORB/orbcore/libcWrapper.cc
src/lib/omniORB/orbcore/objectAdapter.cc
src/lib/omniORB/orbcore/ssl/sslAddress.cc
src/lib/omniORB/orbcore/ssl/sslConnection.cc
src/lib/omniORB/orbcore/ssl/sslConnection.h
src/lib/omniORB/orbcore/ssl/sslEndpoint.cc
src/lib/omniORB/orbcore/ssl/sslEndpoint.h
src/lib/omniORB/orbcore/ssl/sslTransportImpl.cc
src/lib/omniORB/orbcore/tcp/tcpAddress.cc
src/lib/omniORB/orbcore/tcp/tcpConnection.cc
src/lib/omniORB/orbcore/tcp/tcpConnection.h
src/lib/omniORB/orbcore/tcp/tcpEndpoint.cc
src/lib/omniORB/orbcore/tcp/tcpEndpoint.h
src/lib/omniORB/orbcore/tcp/tcpTransportImpl.cc
src/lib/omniORB/orbcore/tcpSocket.cc
src/lib/omniORB/orbcore/uri.cc


Mon Mar  1 16:08:30 GMT 2010 dgrisby
====================================

- Merge changes from 4_1 branch, up to r5946.

include/omniORB4/CORBA_Object_vartypes.h
include/omniORB4/minorCode.h
include/omniORB4/omniInternal.h
mk/beforeauto.mk.in
mk/win32.mk
src/lib/omniORB/orbcore/giopEndpoint.cc
src/lib/omniORB/orbcore/giopRope.cc
src/lib/omniORB/orbcore/omniInternal.cc
src/lib/omniORB/orbcore/ssl/dir.mk
src/lib/omniORB/orbcore/ssl/sslActive.cc
src/lib/omniORB/orbcore/ssl/sslAddress.cc
src/lib/omniORB/orbcore/ssl/sslConnection.cc
src/lib/omniORB/orbcore/ssl/sslConnection.h
src/lib/omniORB/orbcore/ssl/sslContext.cc
src/lib/omniORB/orbcore/ssl/sslEndpoint.cc
src/lib/omniORB/orbcore/ssl/sslTransportImpl.cc
src/lib/omniORB/orbcore/ssl/sslTransportImpl.h


Mon Mar  1 15:55:55 GMT 2010 dgrisby
====================================

- Log time and thread id by default.

sample.cfg
sample.reg
src/lib/omniORB/orbcore/logIOstream.cc
src/lib/omniORB/orbcore/omniInternal.cc

- Miscellaneous clean-up.

src/lib/omniORB/orbcore/policy.cc
src/lib/omniORB/orbcore/tracedthread.cc

- Clean up omnithread code.

include/omnithread.h
include/omnithread/GNUmakefile.in
include/omnithread/mach.h
include/omnithread/solaris.h
src/lib/omnithread/dir.mk
src/lib/omnithread/mach.cc
src/lib/omnithread/nt.cc
src/lib/omnithread/posix.cc
src/lib/omnithread/solaris.cc
src/lib/omnithread/threaddata.cc
src/lib/omnithread/vxWorks.cc


Fri Jan  8 13:37:48 GMT 2010 dgrisby
====================================

- Incorrect platform test.

src/lib/omniORB/orbcore/tcp/tcpTransportImpl.cc

- Store union members more efficiently. Initial concept my Michael
  Teske; expanded to all types by Duncan Grisby.

src/lib/omniORB/omniidl_be/cxx/header/defs.py
src/lib/omniORB/omniidl_be/cxx/header/template.py
src/lib/omniORB/omniidl_be/cxx/skel/main.py
src/lib/omniORB/omniidl_be/cxx/skel/template.py
src/lib/omniORB/omniidl_be/cxx/skutil.py
src/tool/omniidl/python/omniidl/idlast.py


Wed Oct  7 16:45:17 BST 2009 dgrisby
====================================

- Name update.

contrib/RPMs/omniORB.spec
contrib/RPMs/omniORB_new.spec


Thu Sep 24 10:59:19 BST 2009 dgrisby
====================================

- Updated spec files.

contrib/RPMs/omniORB.spec
contrib/RPMs/omniORB_new.spec


Thu Sep 24 10:30:36 BST 2009 dgrisby
====================================

- Some missing semicolons upset some compilers.

include/omniORB4/cdrStream.h


Tue Sep 22 17:40:30 BST 2009 dgrisby
====================================

- Merge changes from 4.1 up to r5916.

README.win32.txt
THIS_IS_OMNIORB_DEVELOPMENT_BRANCH
bugfixes-414.xml
include/omniORB4/linkHacks.h
include/omniORB4/stringtypes.h
include/omniORB4/templatedecls.h
include/omniORB4/valueTemplatedecls.h
include/omniORB4/wstringtypes.h
mk/platforms/x86_win32_vs_10.mk
src/lib/dir.mk
src/lib/omniORB/connections/dir.mk
src/lib/omniORB/orbcore/objectAdapter.cc
src/lib/omniORB/orbcore/ssl/dir.mk


Fri Aug 28 12:05:01 BST 2009 dgrisby
====================================

- Bump stub version symbol to 4.2; move ptr_arith_t to CORBA_sysdep.h.

include/omniORB4/CORBA_sysdep.h
include/omniORB4/omniInternal.h
src/lib/omniORB/dynamic/constants.cc
src/lib/omniORB/omniidl_be/cxx/config.py
src/lib/omniORB/orbcore/constants.cc

- Updates to sequence mapping. Grow exponentially; free if set
  zero-length; C++ mapping fix for allocbuf() on bounded sequences.

include/omniORB4/cdrStream.h
include/omniORB4/seqTemplatedecls.h
include/omniORB4/seqTemplatedefns.h
include/omniORB4/valueTemplatedecls.h
include/omniORB4/valueTemplatedefns.h
src/lib/omniORB/omniidl_be/cxx/skel/template.py


Thu Jul 30 16:02:25 BST 2009 dgrisby
====================================

- Avoid use of loops and virtual functions in inline marshalling operators.

include/omniORB4/cdrStream.h
src/lib/omniORB/orbcore/cdrStream.cc

- Suppress some gcc warnings.

src/lib/omniORB/orbcore/cdrValueChunkStream.cc
src/lib/omniORB/orbcore/omniInternal.cc
src/lib/omniORB/orbcore/poa.cc


Fri Jul 24 00:15:32 BST 2009 dgrisby
====================================

- Start of the omniORB 4.2.x development branch.
